<?xml version="1.0" encoding="UTF-8"?>
<testng-results skipped="0" failed="0" ignored="0" total="1" passed="1">
  <reporter-output>
  </reporter-output>
  <suite name="Suite" duration-ms="55313" started-at="2021-05-31T02:51:18Z" finished-at="2021-05-31T02:52:13Z">
    <groups>
      <group name="cucumber">
        <method signature="AbstractTestNGCucumberTests.runScenario(io.cucumber.testng.PickleWrapper, io.cucumber.testng.FeatureWrapper)[pri:0, instance:com.app.demo.runner.TestRunner@1e88b3c]" name="runScenario" class="io.cucumber.testng.AbstractTestNGCucumberTests"/>
      </group> <!-- cucumber -->
    </groups>
    <test name="Complete test run" duration-ms="55313" started-at="2021-05-31T02:51:18Z" finished-at="2021-05-31T02:52:13Z">
      <class name="com.app.demo.runner.TestRunner">
        <test-method status="PASS" signature="setUpClass()[pri:0, instance:com.app.demo.runner.TestRunner@1e88b3c]" name="setUpClass" is-config="true" duration-ms="925" started-at="2021-05-30T21:51:18Z" finished-at="2021-05-30T21:51:19Z">
          <reporter-output>
          </reporter-output>
        </test-method> <!-- setUpClass -->
        <test-method status="PASS" signature="runScenario(io.cucumber.testng.PickleWrapper, io.cucumber.testng.FeatureWrapper)[pri:0, instance:com.app.demo.runner.TestRunner@1e88b3c]" name="runScenario" duration-ms="54104" started-at="2021-05-30T21:51:19Z" description="Runs Cucumber Scenarios" data-provider="scenarios" finished-at="2021-05-30T21:52:13Z">
          <params>
            <param index="0">
              <value>
                <![CDATA["Register into website as a new user"]]>
              </value>
            </param>
            <param index="1">
              <value>
                <![CDATA["Optional[Create account and Login]"]]>
              </value>
            </param>
          </params>
          <reporter-output>
          </reporter-output>
        </test-method> <!-- runScenario -->
        <test-method status="PASS" signature="tearDownClass()[pri:0, instance:com.app.demo.runner.TestRunner@1e88b3c]" name="tearDownClass" is-config="true" duration-ms="241" started-at="2021-05-30T21:52:13Z" finished-at="2021-05-30T21:52:13Z">
          <reporter-output>
          </reporter-output>
        </test-method> <!-- tearDownClass -->
      </class> <!-- com.app.demo.runner.TestRunner -->
    </test> <!-- Complete test run -->
  </suite> <!-- Suite -->
</testng-results>
